2021-05-06T12:52:16.782 [INFO] [sai] [CONNECTED - SUCCESSFUL]
2021-05-06T12:52:16.784 [INFO] [sai] [MAP - LIBRARY]
2021-05-06T12:52:16.786 [INFO] [sai] [LOGIN - SUCCESSFUL]
2021-05-06T12:52:36.934 [INFO] [sai] [POTION - AQUIRED]
2021-05-06T12:52:39.520 [INFO] [sai] [POTION - USED]
2021-05-06T12:52:40.970 [INFO] [sai] [POTION - AQUIRED]
2021-05-06T12:52:40.972 [INFO] [sai] [POTION - AQUIRED]
2021-05-06T12:52:40.974 [INFO] [sai] [POTION - AQUIRED]
2021-05-06T12:52:40.975 [INFO] [sai] [POTION - AQUIRED]
2021-05-06T12:52:40.977 [INFO] [sai] [SUPERATTACK - USED]
2021-05-06T12:52:49.396 [INFO] [sai] [POTION - USED]
2021-05-06T12:52:50.493 [INFO] [sai] [POTION - AQUIRED]
2021-05-06T12:52:50.498 [INFO] [sai] [SUPERATTACK - USED]
2021-05-06T12:53:01.277 [INFO] [s] [CONNECTED - SUCCESSFUL]
2021-05-06T12:53:01.278 [INFO] [s] [MAP - LIBRARY]
2021-05-06T12:53:01.280 [INFO] [s] [LOGIN - SUCCESSFUL]
2021-05-06T12:53:08.235 [INFO] [sai] [DIED]
2021-05-06T12:53:09.781 [INFO] [s] [POTION - AQUIRED]
2021-05-06T12:53:10.353 [INFO] [sai] [DIED]
2021-05-06T12:53:11.705 [INFO] [sai] [DIED]
2021-05-06T12:53:14.564 [INFO] [s] [POTION - USED]
2021-05-06T12:53:15.407 [INFO] [s] [POTION - AQUIRED]
2021-05-06T12:53:15.409 [INFO] [s] [POTION - AQUIRED]
2021-05-06T12:53:15.430 [INFO] [s] [POTION - AQUIRED]
2021-05-06T12:53:15.449 [INFO] [s] [SUPERATTACK - USED]
2021-05-06T12:53:15.795 [INFO] [sai] [DIED]
2021-05-06T12:53:16.122 [INFO] [sai] [DIED]
2021-05-06T12:53:16.285 [INFO] [sai] [DIED]
2021-05-06T12:53:16.450 [INFO] [sai] [DIED]
2021-05-06T12:53:25.858 [INFO] [s] [DIED]
2021-05-06T12:53:27.886 [INFO] [sai] [POTION - USED]
2021-05-06T12:53:28.696 [INFO] [sai] [POTION - AQUIRED]
2021-05-06T12:53:28.698 [INFO] [sai] [POTION - AQUIRED]
2021-05-06T12:53:28.701 [INFO] [sai] [POTION - AQUIRED]
2021-05-06T12:53:28.707 [INFO] [sai] [POTION - AQUIRED]
2021-05-06T12:53:28.708 [INFO] [sai] [SUPERATTACK - USED]
2021-05-06T12:53:29.451 [INFO] [s] [DIED]
2021-05-06T12:54:01.918 [INFO] [sai] [POTION - AQUIRED]
2021-05-06T12:54:04.597 [INFO] [sai] [POTION - AQUIRED]
2021-05-06T12:54:06.048 [INFO] [s] [DIED]
2021-05-06T12:54:10.453 [INFO] [sai] [POTION - USED]
2021-05-06T12:54:10.871 [INFO] [sai] [POTION - USED]
2021-05-06T12:54:10.872 [INFO] [sai] [SUPERATTACK - AQUIRED]
2021-05-06T12:54:11.091 [INFO] [sai] [POTION - USED]
2021-05-06T12:54:11.092 [INFO] [sai] [SUPERATTACK - AQUIRED]
2021-05-06T12:54:11.291 [INFO] [sai] [POTION - USED]
2021-05-06T12:54:11.292 [INFO] [sai] [SUPERATTACK - AQUIRED]
2021-05-06T12:54:11.473 [INFO] [sai] [POTION - USED]
2021-05-06T12:54:11.475 [INFO] [sai] [SUPERATTACK - AQUIRED]
2021-05-06T12:54:12.130 [INFO] [sai] [POTION - AQUIRED]
2021-05-06T12:54:12.147 [INFO] [sai] [SUPERATTACK - USED]
2021-05-06T12:54:12.367 [INFO] [sai] [POTION - AQUIRED]
2021-05-06T12:54:12.368 [INFO] [sai] [POTION - AQUIRED]
2021-05-06T12:54:12.368 [INFO] [sai] [POTION - AQUIRED]
2021-05-06T12:54:12.370 [INFO] [sai] [POTION - AQUIRED]
2021-05-06T12:54:12.373 [INFO] [sai] [POTION - AQUIRED]
2021-05-06T12:54:12.374 [INFO] [sai] [SUPERATTACK - USED]
2021-05-06T12:54:12.564 [INFO] [sai] [POTION - AQUIRED]
2021-05-06T12:54:12.568 [INFO] [sai] [POTION - AQUIRED]
2021-05-06T12:54:12.575 [INFO] [sai] [POTION - AQUIRED]
2021-05-06T12:54:12.577 [INFO] [sai] [POTION - AQUIRED]
2021-05-06T12:54:12.584 [INFO] [sai] [SUPERATTACK - USED]
2021-05-06T12:54:12.853 [INFO] [sai] [POTION - AQUIRED]
2021-05-06T12:54:12.856 [INFO] [sai] [SUPERATTACK - USED]
2021-05-06T12:54:12.888 [INFO] [s] [DIED]
2021-05-06T12:54:12.891 [INFO] [s] [DIED]
2021-05-06T12:54:12.999 [INFO] [sai] [POTION - AQUIRED]
2021-05-06T12:54:13.000 [INFO] [sai] [POTION - AQUIRED]
2021-05-06T12:54:13.001 [INFO] [sai] [POTION - AQUIRED]
2021-05-06T12:54:13.001 [INFO] [sai] [POTION - AQUIRED]
2021-05-06T12:54:13.002 [INFO] [sai] [POTION - AQUIRED]
2021-05-06T12:54:13.002 [INFO] [sai] [SUPERATTACK - USED]
2021-05-06T12:54:13.233 [INFO] [s] [DIED]
2021-05-06T12:54:13.234 [INFO] [s] [DIED]
2021-05-06T12:54:13.234 [INFO] [s] [DIED]
2021-05-06T12:54:13.277 [INFO] [s] [DIED]
2021-05-06T12:54:13.279 [INFO] [s] [DIED]
2021-05-06T12:54:13.322 [INFO] [s] [DIED]
2021-05-06T12:54:13.361 [INFO] [s] [DIED]
2021-05-06T12:54:13.368 [INFO] [s] [DIED]
2021-05-06T12:54:13.652 [INFO] [s] [DIED]
2021-05-06T12:54:29.935 [INFO] [sai] [DISCONNECTED - SUCCESSFUL]
2021-05-06T12:54:30.464 [INFO] [s] [DISCONNECTED - SUCCESSFUL]
2021-05-06T14:23:31.269 [INFO] [s] [CONNECTED - SUCCESSFUL]
2021-05-06T14:23:31.271 [INFO] [s] [MAP - CASTEL]
2021-05-06T14:23:31.272 [INFO] [s] [LOGIN - SUCCESSFUL]
2021-05-06T14:23:43.242 [INFO] [s] [POTION - USED]
2021-05-06T14:24:18.962 [INFO] [s] [CONNECTED - SUCCESSFUL]
2021-05-06T14:24:18.964 [INFO] [s] [MAP - LIBRARY]
2021-05-06T14:24:18.967 [INFO] [s] [LOGIN - SUCCESSFUL]
2021-05-06T14:24:20.673 [INFO] [s] [POTION - AQUIRED]
2021-05-06T14:24:22.515 [INFO] [s] [POTION - USED]
2021-05-06T14:24:23.965 [INFO] [s] [SUPERATTACK - USED]
2021-05-06T14:25:07.783 [INFO] [s] [CONNECTED - SUCCESSFUL]
2021-05-06T14:25:07.785 [INFO] [s] [MAP - CASTEL]
2021-05-06T14:25:07.796 [INFO] [s] [LOGIN - SUCCESSFUL]
2021-05-06T14:25:11.525 [INFO] [s] [POTION - AQUIRED]
2021-05-06T14:25:13.467 [INFO] [s] [POTION - AQUIRED]
2021-05-06T14:25:15.313 [INFO] [s] [POTION - USED]
2021-05-06T14:25:16.160 [INFO] [s] [SUPERATTACK - USED]
